TN:
SF:src/assert/assert.ts
FN:7,string
FN:13,nullOrString
FN:19,notEmptyString
FN:29,number
FN:39,boolean
FN:50,object
FN:61,array
FN:72,instanceOf
FN:84,nullOrInstanceOf
FN:90,allInstancesOf
FN:93,(anonymous_10)
FN:106,defined
FN:112,equal
FN:127,isString
FN:131,isNumber
FN:135,isBoolean
FN:139,isFunction
FN:143,isObject
FN:147,isArray
FN:151,isDefined
FNF:20
FNH:20
FNDA:3,string
FNDA:2,nullOrString
FNDA:4,notEmptyString
FNDA:2,number
FNDA:2,boolean
FNDA:2,object
FNDA:4,array
FNDA:4,instanceOf
FNDA:2,nullOrInstanceOf
FNDA:2,allInstancesOf
FNDA:3,(anonymous_10)
FNDA:3,defined
FNDA:2,equal
FNDA:8,isString
FNDA:3,isNumber
FNDA:3,isBoolean
FNDA:1,isFunction
FNDA:23,isObject
FNDA:47,isArray
FNDA:8,isDefined
DA:1,2
DA:7,2
DA:8,3
DA:9,1
DA:13,2
DA:14,2
DA:15,1
DA:19,2
DA:20,4
DA:21,3
DA:29,2
DA:30,2
DA:31,1
DA:39,2
DA:40,2
DA:41,1
DA:50,2
DA:51,2
DA:52,1
DA:61,2
DA:62,4
DA:63,1
DA:72,2
DA:73,4
DA:74,2
DA:84,2
DA:85,2
DA:86,1
DA:90,2
DA:91,2
DA:93,3
DA:94,1
DA:106,2
DA:107,3
DA:108,2
DA:112,2
DA:113,2
DA:114,1
DA:127,2
DA:128,8
DA:131,2
DA:132,3
DA:135,2
DA:136,3
DA:139,2
DA:140,1
DA:143,2
DA:144,23
DA:147,2
DA:148,47
DA:151,2
DA:152,8
LF:52
LH:52
BRDA:8,0,0,1
BRDA:8,0,1,2
BRDA:14,1,0,1
BRDA:14,1,1,1
BRDA:20,2,0,3
BRDA:20,2,1,1
BRDA:20,3,0,3
BRDA:20,3,1,1
BRDA:30,4,0,1
BRDA:30,4,1,1
BRDA:40,5,0,1
BRDA:40,5,1,1
BRDA:51,6,0,1
BRDA:51,6,1,1
BRDA:62,7,0,1
BRDA:62,7,1,3
BRDA:73,8,0,2
BRDA:73,8,1,2
BRDA:78,9,0,1
BRDA:78,9,1,1
BRDA:85,10,0,1
BRDA:85,10,1,1
BRDA:93,11,0,1
BRDA:93,11,1,1
BRDA:107,12,0,2
BRDA:107,12,1,1
BRDA:113,13,0,1
BRDA:113,13,1,1
BRDA:144,14,0,23
BRDA:144,14,1,22
BRDA:144,14,2,7
BRDA:152,15,0,8
BRDA:152,15,1,5
BRF:33
BRH:33
end_of_record
TN:
SF:src/assert/assertion.error.ts
FN:8,(anonymous_0)
FNF:1
FNH:1
FNDA:20,(anonymous_0)
DA:1,3
DA:3,3
DA:16,20
DA:17,20
LF:4
LH:4
BRDA:16,0,0,19
BRDA:16,0,1,1
BRDA:16,1,0,20
BRDA:16,1,1,20
BRDA:17,2,0,18
BRDA:17,2,1,2
BRDA:17,3,0,20
BRDA:17,3,1,20
BRDA:17,4,0,1
BRDA:17,4,1,19
BRDA:17,5,0,20
BRDA:17,5,1,20
BRF:12
BRH:12
end_of_record
TN:
SF:src/assert/assertion.helper.ts
FN:6,(anonymous_0)
FN:18,(anonymous_1)
FN:21,(anonymous_2)
FN:32,(anonymous_3)
FN:40,(anonymous_4)
FN:47,(anonymous_5)
FNF:6
FNH:5
FNDA:20,(anonymous_0)
FNDA:15,(anonymous_1)
FNDA:0,(anonymous_2)
FNDA:17,(anonymous_3)
FNDA:17,(anonymous_4)
FNDA:15,(anonymous_5)
DA:1,2
DA:2,2
DA:4,2
DA:7,20
DA:9,2
DA:11,2
DA:13,16
DA:19,15
DA:21,1
DA:23,3
DA:25,3
DA:27,8
DA:37,17
DA:38,17
DA:40,17
DA:43,17
DA:48,15
DA:49,15
LF:18
LH:18
BRDA:8,0,0,2
BRDA:8,0,1,2
BRDA:8,0,2,16
BRDA:20,1,0,1
BRDA:20,1,1,3
BRDA:20,1,2,3
BRDA:20,1,3,8
BRDA:37,2,0,6
BRDA:37,2,1,11
BRDA:38,3,0,3
BRDA:38,3,1,14
BRDA:38,4,0,17
BRDA:38,4,1,17
BRDA:40,5,0,17
BRDA:40,5,1,1
BRDA:48,6,0,13
BRDA:48,6,1,2
BRF:17
BRH:17
end_of_record
